0 info it worked if it ends with ok
1 verbose cli [ 'node', '/usr/bin/npm', 'i', '--save-dev', 'bower' ]
2 info using npm@3.0.0
3 info using node@v0.12.7
4 silly loadCurrentTree Starting
5 silly install loadCurrentTree
6 silly install readLocalPackageData
7 silly install normalizeTree
8 silly loadCurrentTree Finishing
9 silly loadIdealTree Starting
10 silly install loadIdealTree
11 silly cloneCurrentTree Starting
12 silly install cloneCurrentTreeToIdealTree
13 silly cloneCurrentTree Finishing
14 silly loadShrinkwrap Starting
15 silly install loadShrinkwrap
16 silly loadShrinkwrap Finishing
17 silly loadAllDepsIntoIdealTree Starting
18 silly install loadAllDepsIntoIdealTree
19 silly fetchPackageMetaData bower
20 silly fetchNamedPackageData bower
21 silly mapToRegistry name bower
22 silly mapToRegistry using default registry
23 silly mapToRegistry registry https://registry.npmjs.org/
24 silly mapToRegistry uri https://registry.npmjs.org/bower
25 verbose request uri https://registry.npmjs.org/bower
26 verbose request no auth needed
27 info attempt registry request try #1 at 2:47:15 PM
28 verbose request id 88bd78d59d7698c7
29 http request GET https://registry.npmjs.org/bower
30 info retry will retry, error on last attempt: Error: socket hang up
31 info attempt registry request try #2 at 2:48:30 PM
32 http request GET https://registry.npmjs.org/bower
33 info retry will retry, error on last attempt: Error: socket hang up
34 info attempt registry request try #3 at 2:50:33 PM
35 http request GET https://registry.npmjs.org/bower
36 silly fetchPackageMetaData Error: socket hang up
36 silly fetchPackageMetaData     at createHangUpError (_http_client.js:215:15)
36 silly fetchPackageMetaData     at TLSSocket.socketOnEnd (_http_client.js:300:23)
36 silly fetchPackageMetaData     at TLSSocket.emit (events.js:129:20)
36 silly fetchPackageMetaData     at _stream_readable.js:908:16
36 silly fetchPackageMetaData     at process._tickCallback (node.js:355:11)
36 silly fetchPackageMetaData  error for bower { [Error: socket hang up] code: 'ECONNRESET' }
37 silly rollbackFailedOptional Starting
38 silly rollbackFailedOptional Finishing
39 silly runTopLevelLifecycles Starting
40 silly runTopLevelLifecycles Finishing
41 silly install saveToDependencies
42 verbose saving []
43 silly install printInstalled
44 verbose stack Error: socket hang up
44 verbose stack     at createHangUpError (_http_client.js:215:15)
44 verbose stack     at TLSSocket.socketOnEnd (_http_client.js:300:23)
44 verbose stack     at TLSSocket.emit (events.js:129:20)
44 verbose stack     at _stream_readable.js:908:16
44 verbose stack     at process._tickCallback (node.js:355:11)
45 verbose cwd /home/zoei/git/zblog/src/www
46 error Linux 3.16.0-30-generic
47 error argv "node" "/usr/bin/npm" "i" "--save-dev" "bower"
48 error node v0.12.7
49 error npm  v3.0.0
50 error code ECONNRESET
51 error network socket hang up
51 error network This is most likely not a problem with npm itself
51 error network and is related to network connectivity.
51 error network In most cases you are behind a proxy or have bad network settings.
51 error network
51 error network If you are behind a proxy, please make sure that the
51 error network 'proxy' config is set properly.  See: 'npm help config'
52 verbose exit [ 1, true ]
